<?xml version="1.0" encoding="UTF-8"?>
<testng-results skipped="0" failed="0" ignored="0" total="1" passed="1">
  <reporter-output>
  </reporter-output>
  <suite name="Default suite" duration-ms="4416" started-at="2020-04-29T21:37:07 IST" finished-at="2020-04-29T21:37:12 IST">
    <groups>
    </groups>
    <test name="Default test" duration-ms="4416" started-at="2020-04-29T21:37:07 IST" finished-at="2020-04-29T21:37:12 IST">
      <class name="SumValidation">
        <test-method status="PASS" signature="sumOfCourses()[pri:0, instance:SumValidation@3234e239]" name="sumOfCourses" duration-ms="4085" started-at="2020-04-29T21:37:08 IST" finished-at="2020-04-29T21:37:12 IST">
          <reporter-output>
          </reporter-output>
        </test-method> <!-- sumOfCourses -->
      </class> <!-- SumValidation -->
    </test> <!-- Default test -->
  </suite> <!-- Default suite -->
</testng-results>
